2026-06-08 16:29:42,024 | INFO | Fetching futures account information
2026-06-08 16:29:42,844 | ERROR | Binance API error: APIError(code=-2015): Invalid API-key, IP, or permissions for action
2026-06-08 16:34:13,282 | INFO | Fetching futures account information
2026-06-08 16:34:15,132 | ERROR | Binance API error: APIError(code=-2015): Invalid API-key, IP, or permissions for action
2026-06-08 16:55:11,500 | INFO | API Request | GET https://demo-fapi.binance.com/fapi/v2/account | Params={'timestamp': 1780917911499, 'signature': 'c9e4b7cb8c5e65ccb7be67bdd23ab86bff2980b7cdeafa8723876c3055c1929e'}
2026-06-08 16:57:01,693 | INFO | Order Request | Symbol=BTCUSDT Side=BUY Type=MARKET Quantity=0.001 Price=None
2026-06-08 16:57:01,695 | INFO | API Request | POST https://demo-fapi.binance.com/fapi/v1/order | Params={'symbol': 'BTCUSDT', 'side': 'BUY', 'type': 'MARKET', 'quantity': 0.001, 'timestamp': 1780918021694, 'signature': '4474a3c9da96e6beb1a8e9cf2ddd7103fedbf6f54e0d6fff5eecdab2b7ac2e73'}
2026-06-08 16:57:02,409 | INFO | API Response | Status=400 | Body={"code":-2019,"msg":"Margin is insufficient."}
2026-06-08 16:59:26,753 | INFO | API Request | GET https://demo-fapi.binance.com/fapi/v2/account | Params={'timestamp': 1780918166752, 'signature': 'f2258f23f1b46f77a0df0032e9c396c875f62337660e4638dbe65deaa6ce9149'}
2026-06-08 17:05:50,046 | INFO | Order Request | Symbol=BTCUSDT Side=BUY Type=MARKET Quantity=0.0001 Price=None
2026-06-08 17:05:50,046 | INFO | API Request | POST https://demo-fapi.binance.com/fapi/v1/order | Params={'symbol': 'BTCUSDT', 'side': 'BUY', 'type': 'MARKET', 'quantity': 0.0001, 'timestamp': 1780918550046, 'signature': '2380c361df11600073f44727c0a079dd5b49de3f73039253777d3cfe79fc11df'}
2026-06-08 17:05:50,711 | INFO | API Response | Status=400 | Body={"code":-4164,"msg":"Order's notional must be no smaller than 50 (unless you choose reduce only)."}
2026-06-08 17:07:40,027 | INFO | Order Request | Symbol=BTCUSDT Side=BUY Type=MARKET Quantity=0.001 Price=None
2026-06-08 17:07:40,027 | INFO | API Request | POST https://demo-fapi.binance.com/fapi/v1/order | Params={'symbol': 'BTCUSDT', 'side': 'BUY', 'type': 'MARKET', 'quantity': 0.001, 'timestamp': 1780918660027, 'signature': '63c4e1c54e1004cd84b20839c6aa48f903b68737b1e9544d64e4a3c640973db1'}
2026-06-08 17:07:40,664 | INFO | API Response | Status=200 | Body={"orderId":14495634202,"symbol":"BTCUSDT","status":"NEW","clientOrderId":"7r0JREvDTWeFF8eCg3yDZ3","price":"0.00","origQty":"0.0010","executedQty":"0.0000","cumQty":"0.0000","timeInForce":"GTC","type":"MARKET","reduceOnly":false,"closePosition":false,"side":"BUY","positionSide":"BOTH","stopPrice":"0.00","workingType":"CONTRACT_PRICE","priceProtect":false,"origType":"MARKET","priceMatch":"NONE","selfTradePreventionMode":"EXPIRE_MAKER","goodTillDate":0,"updateTime":1780918660879}
2026-06-08 17:07:40,667 | INFO | Market Order Placed | Response={'orderId': 14495634202, 'symbol': 'BTCUSDT', 'status': 'NEW', 'clientOrderId': '7r0JREvDTWeFF8eCg3yDZ3', 'price': '0.00', 'origQty': '0.0010', 'executedQty': '0.0000', 'cumQty': '0.0000', 'timeInForce': 'GTC', 'type': 'MARKET', 'reduceOnly': False, 'closePosition': False, 'side': 'BUY', 'positionSide': 'BOTH', 'stopPrice': '0.00', 'workingType': 'CONTRACT_PRICE', 'priceProtect': False, 'origType': 'MARKET', 'priceMatch': 'NONE', 'selfTradePreventionMode': 'EXPIRE_MAKER', 'goodTillDate': 0, 'updateTime': 1780918660879}
2026-06-08 17:41:37,908 | INFO | Order Request | Symbol=BTCUSDT Side=SELL Type=LIMIT Quantity=0.001 Price=150000.0
2026-06-08 17:41:37,909 | INFO | API Request | POST https://demo-fapi.binance.com/fapi/v1/order | Params={'symbol': 'BTCUSDT', 'side': 'SELL', 'type': 'LIMIT', 'quantity': 0.001, 'price': 150000.0, 'timeInForce': 'GTC', 'timestamp': 1780920697909, 'signature': '0268c204f9046682ccea1a43c09748d77ffaa85d33e77bc73a4a1bd41781f474'}
2026-06-08 17:41:38,584 | INFO | API Response | Status=200 | Body={"orderId":14497312934,"symbol":"BTCUSDT","status":"NEW","clientOrderId":"fGllBYtg5jECphBPeTvYPn","price":"150000.00","origQty":"0.0010","executedQty":"0.0000","cumQty":"0.0000","timeInForce":"GTC","type":"LIMIT","reduceOnly":false,"closePosition":false,"side":"SELL","positionSide":"BOTH","stopPrice":"0.00","workingType":"CONTRACT_PRICE","priceProtect":false,"origType":"LIMIT","priceMatch":"NONE","selfTradePreventionMode":"EXPIRE_MAKER","goodTillDate":0,"updateTime":1780920698838}
2026-06-08 17:41:38,585 | INFO | Limit Order Placed | Response={'orderId': 14497312934, 'symbol': 'BTCUSDT', 'status': 'NEW', 'clientOrderId': 'fGllBYtg5jECphBPeTvYPn', 'price': '150000.00', 'origQty': '0.0010', 'executedQty': '0.0000', 'cumQty': '0.0000', 'timeInForce': 'GTC', 'type': 'LIMIT', 'reduceOnly': False, 'closePosition': False, 'side': 'SELL', 'positionSide': 'BOTH', 'stopPrice': '0.00', 'workingType': 'CONTRACT_PRICE', 'priceProtect': False, 'origType': 'LIMIT', 'priceMatch': 'NONE', 'selfTradePreventionMode': 'EXPIRE_MAKER', 'goodTillDate': 0, 'updateTime': 1780920698838}
